{"C:\\projectcynt\\ferrotech-frontend\\lib\\price.js": {"path":"C:\\projectcynt\\ferrotech-frontend\\lib\\price.js","statementMap":{"0":{"start":{"line":9,"column":2},"end":{"line":9,"column":21}},"1":{"start":{"line":9,"column":12},"end":{"line":9,"column":21}},"2":{"start":{"line":10,"column":18},"end":{"line":10,"column":43}},"3":{"start":{"line":11,"column":14},"end":{"line":11,"column":33}},"4":{"start":{"line":12,"column":2},"end":{"line":12,"column":30}},"5":{"start":{"line":23,"column":16},"end":{"line":23,"column":30}},"6":{"start":{"line":24,"column":29},"end":{"line":24,"column":45}},"7":{"start":{"line":25,"column":21},"end":{"line":25,"column":66}},"8":{"start":{"line":26,"column":2},"end":{"line":26,"column":38}}},"fnMap":{"0":{"name":"parsePrice","decl":{"start":{"line":8,"column":16},"end":{"line":8,"column":26}},"loc":{"start":{"line":8,"column":32},"end":{"line":13,"column":1}},"line":8},"1":{"name":"formatPrice","decl":{"start":{"line":22,"column":16},"end":{"line":22,"column":27}},"loc":{"start":{"line":22,"column":33},"end":{"line":27,"column":1}},"line":22}},"branchMap":{"0":{"loc":{"start":{"line":9,"column":2},"end":{"line":9,"column":21}},"type":"if","locations":[{"start":{"line":9,"column":2},"end":{"line":9,"column":21}},{"start":{},"end":{}}],"line":9},"1":{"loc":{"start":{"line":12,"column":9},"end":{"line":12,"column":29}},"type":"cond-expr","locations":[{"start":{"line":12,"column":22},"end":{"line":12,"column":23}},{"start":{"line":12,"column":26},"end":{"line":12,"column":29}}],"line":12}},"s":{"0":12,"1":3,"2":9,"3":9,"4":9,"5":9,"6":9,"7":9,"8":9},"f":{"0":12,"1":9},"b":{"0":[3,9],"1":[1,8]},"_coverageSchema":"1a1c01bbd47fc00a2c39e90264f33305004495a9","hash":"b26beee82bd15d2f91833b083883f6c754037fdf"}
,"C:\\projectcynt\\ferrotech-frontend\\lib\\validation.js": {"path":"C:\\projectcynt\\ferrotech-frontend\\lib\\validation.js","statementMap":{"0":{"start":{"line":9,"column":17},"end":{"line":9,"column":19}},"1":{"start":{"line":10,"column":2},"end":{"line":15,"column":3}},"2":{"start":{"line":11,"column":16},"end":{"line":11,"column":26}},"3":{"start":{"line":12,"column":4},"end":{"line":14,"column":5}},"4":{"start":{"line":13,"column":6},"end":{"line":13,"column":52}},"5":{"start":{"line":16,"column":2},"end":{"line":16,"column":48}},"6":{"start":{"line":27,"column":2},"end":{"line":29,"column":3}},"7":{"start":{"line":28,"column":4},"end":{"line":28,"column":68}},"8":{"start":{"line":30,"column":2},"end":{"line":30,"column":38}},"9":{"start":{"line":40,"column":2},"end":{"line":40,"column":27}},"10":{"start":{"line":40,"column":14},"end":{"line":40,"column":27}},"11":{"start":{"line":41,"column":13},"end":{"line":41,"column":41}},"12":{"start":{"line":42,"column":2},"end":{"line":42,"column":24}}},"fnMap":{"0":{"name":"validateRequired","decl":{"start":{"line":8,"column":16},"end":{"line":8,"column":32}},"loc":{"start":{"line":8,"column":46},"end":{"line":17,"column":1}},"line":8},"1":{"name":"validateStock","decl":{"start":{"line":26,"column":16},"end":{"line":26,"column":29}},"loc":{"start":{"line":26,"column":42},"end":{"line":31,"column":1}},"line":26},"2":{"name":"validateEmail","decl":{"start":{"line":39,"column":16},"end":{"line":39,"column":29}},"loc":{"start":{"line":39,"column":37},"end":{"line":43,"column":1}},"line":39}},"branchMap":{"0":{"loc":{"start":{"line":12,"column":4},"end":{"line":14,"column":5}},"type":"if","locations":[{"start":{"line":12,"column":4},"end":{"line":14,"column":5}},{"start":{},"end":{}}],"line":12},"1":{"loc":{"start":{"line":12,"column":8},"end":{"line":12,"column":55}},"type":"binary-expr","locations":[{"start":{"line":12,"column":8},"end":{"line":12,"column":25}},{"start":{"line":12,"column":29},"end":{"line":12,"column":41}},{"start":{"line":12,"column":45},"end":{"line":12,"column":55}}],"line":12},"2":{"loc":{"start":{"line":27,"column":2},"end":{"line":29,"column":3}},"type":"if","locations":[{"start":{"line":27,"column":2},"end":{"line":29,"column":3}},{"start":{},"end":{}}],"line":27},"3":{"loc":{"start":{"line":40,"column":2},"end":{"line":40,"column":27}},"type":"if","locations":[{"start":{"line":40,"column":2},"end":{"line":40,"column":27}},{"start":{},"end":{}}],"line":40}},"s":{"0":4,"1":4,"2":6,"3":6,"4":4,"5":4,"6":4,"7":2,"8":2,"9":6,"10":2,"11":4,"12":4},"f":{"0":4,"1":4,"2":6},"b":{"0":[4,2],"1":[6,4,3],"2":[2,2],"3":[2,4]},"_coverageSchema":"1a1c01bbd47fc00a2c39e90264f33305004495a9","hash":"479c874b0dac989f6bc82f471a8f2b8121d446b8"}
,"C:\\projectcynt\\ferrotech-frontend\\stores\\clientes.store.js": {"path":"C:\\projectcynt\\ferrotech-frontend\\stores\\clientes.store.js","statementMap":{"0":{"start":{"line":3,"column":17},"end":{"line":20,"column":1}},"1":{"start":{"line":22,"column":15},"end":{"line":22,"column":68}},"2":{"start":{"line":22,"column":26},"end":{"line":22,"column":68}},"3":{"start":{"line":22,"column":55},"end":{"line":22,"column":59}},"4":{"start":{"line":23,"column":25},"end":{"line":23,"column":55}},"5":{"start":{"line":25,"column":32},"end":{"line":48,"column":3}},"6":{"start":{"line":25,"column":54},"end":{"line":48,"column":1}},"7":{"start":{"line":28,"column":21},"end":{"line":30,"column":5}},"8":{"start":{"line":28,"column":33},"end":{"line":30,"column":3}},"9":{"start":{"line":32,"column":31},"end":{"line":34,"column":5}},"10":{"start":{"line":32,"column":43},"end":{"line":34,"column":3}},"11":{"start":{"line":33,"column":31},"end":{"line":33,"column":69}},"12":{"start":{"line":36,"column":22},"end":{"line":38,"column":5}},"13":{"start":{"line":36,"column":34},"end":{"line":38,"column":3}},"14":{"start":{"line":37,"column":33},"end":{"line":37,"column":44}},"15":{"start":{"line":40,"column":19},"end":{"line":40,"column":55}},"16":{"start":{"line":40,"column":43},"end":{"line":40,"column":54}},"17":{"start":{"line":43,"column":14},"end":{"line":43,"column":33}},"18":{"start":{"line":44,"column":4},"end":{"line":46,"column":6}},"19":{"start":{"line":45,"column":6},"end":{"line":45,"column":82}},"20":{"start":{"line":45,"column":39},"end":{"line":45,"column":81}}},"fnMap":{"0":{"name":"(anonymous_0)","decl":{"start":{"line":22,"column":15},"end":{"line":22,"column":16}},"loc":{"start":{"line":22,"column":26},"end":{"line":22,"column":68}},"line":22},"1":{"name":"(anonymous_1)","decl":{"start":{"line":22,"column":48},"end":{"line":22,"column":49}},"loc":{"start":{"line":22,"column":55},"end":{"line":22,"column":59}},"line":22},"2":{"name":"(anonymous_2)","decl":{"start":{"line":25,"column":39},"end":{"line":25,"column":40}},"loc":{"start":{"line":25,"column":54},"end":{"line":48,"column":1}},"line":25},"3":{"name":"(anonymous_3)","decl":{"start":{"line":28,"column":11},"end":{"line":28,"column":12}},"loc":{"start":{"line":28,"column":21},"end":{"line":30,"column":5}},"line":28},"4":{"name":"(anonymous_4)","decl":{"start":{"line":28,"column":25},"end":{"line":28,"column":26}},"loc":{"start":{"line":28,"column":33},"end":{"line":30,"column":3}},"line":28},"5":{"name":"(anonymous_5)","decl":{"start":{"line":32,"column":14},"end":{"line":32,"column":15}},"loc":{"start":{"line":32,"column":31},"end":{"line":34,"column":5}},"line":32},"6":{"name":"(anonymous_6)","decl":{"start":{"line":32,"column":35},"end":{"line":32,"column":36}},"loc":{"start":{"line":32,"column":43},"end":{"line":34,"column":3}},"line":32},"7":{"name":"(anonymous_7)","decl":{"start":{"line":33,"column":23},"end":{"line":33,"column":24}},"loc":{"start":{"line":33,"column":31},"end":{"line":33,"column":69}},"line":33},"8":{"name":"(anonymous_8)","decl":{"start":{"line":36,"column":14},"end":{"line":36,"column":15}},"loc":{"start":{"line":36,"column":22},"end":{"line":38,"column":5}},"line":36},"9":{"name":"(anonymous_9)","decl":{"start":{"line":36,"column":26},"end":{"line":36,"column":27}},"loc":{"start":{"line":36,"column":34},"end":{"line":38,"column":3}},"line":36},"10":{"name":"(anonymous_10)","decl":{"start":{"line":37,"column":26},"end":{"line":37,"column":27}},"loc":{"start":{"line":37,"column":33},"end":{"line":37,"column":44}},"line":37},"11":{"name":"(anonymous_11)","decl":{"start":{"line":40,"column":11},"end":{"line":40,"column":12}},"loc":{"start":{"line":40,"column":19},"end":{"line":40,"column":55}},"line":40},"12":{"name":"(anonymous_12)","decl":{"start":{"line":40,"column":36},"end":{"line":40,"column":37}},"loc":{"start":{"line":40,"column":43},"end":{"line":40,"column":54}},"line":40},"13":{"name":"(anonymous_13)","decl":{"start":{"line":42,"column":10},"end":{"line":42,"column":11}},"loc":{"start":{"line":42,"column":21},"end":{"line":47,"column":3}},"line":42},"14":{"name":"(anonymous_14)","decl":{"start":{"line":44,"column":30},"end":{"line":44,"column":31}},"loc":{"start":{"line":45,"column":6},"end":{"line":45,"column":82}},"line":45},"15":{"name":"(anonymous_15)","decl":{"start":{"line":45,"column":28},"end":{"line":45,"column":29}},"loc":{"start":{"line":45,"column":39},"end":{"line":45,"column":81}},"line":45}},"branchMap":{"0":{"loc":{"start":{"line":33,"column":31},"end":{"line":33,"column":69}},"type":"cond-expr","locations":[{"start":{"line":33,"column":45},"end":{"line":33,"column":65}},{"start":{"line":33,"column":68},"end":{"line":33,"column":69}}],"line":33}},"s":{"0":1,"1":1,"2":1,"3":3,"4":1,"5":1,"6":1,"7":1,"8":1,"9":2,"10":2,"11":6,"12":2,"13":2,"14":6,"15":3,"16":5,"17":3,"18":3,"19":9,"20":25},"f":{"0":1,"1":3,"2":1,"3":1,"4":1,"5":2,"6":2,"7":6,"8":2,"9":2,"10":6,"11":3,"12":5,"13":3,"14":9,"15":25},"b":{"0":[1,5]},"_coverageSchema":"1a1c01bbd47fc00a2c39e90264f33305004495a9","hash":"48efe2d4cb5a4b2a3d504296a88f66545306874a"}
,"C:\\projectcynt\\ferrotech-frontend\\stores\\compras.store.js": {"path":"C:\\projectcynt\\ferrotech-frontend\\stores\\compras.store.js","statementMap":{"0":{"start":{"line":3,"column":17},"end":{"line":10,"column":1}},"1":{"start":{"line":12,"column":15},"end":{"line":16,"column":1}},"2":{"start":{"line":13,"column":15},"end":{"line":13,"column":98}},"3":{"start":{"line":13,"column":32},"end":{"line":13,"column":72}},"4":{"start":{"line":13,"column":88},"end":{"line":13,"column":97}},"5":{"start":{"line":14,"column":14},"end":{"line":14,"column":34}},"6":{"start":{"line":15,"column":2},"end":{"line":15,"column":50}},"7":{"start":{"line":18,"column":25},"end":{"line":18,"column":50}},"8":{"start":{"line":20,"column":31},"end":{"line":43,"column":3}},"9":{"start":{"line":20,"column":53},"end":{"line":43,"column":1}},"10":{"start":{"line":23,"column":21},"end":{"line":25,"column":5}},"11":{"start":{"line":23,"column":33},"end":{"line":25,"column":3}},"12":{"start":{"line":27,"column":31},"end":{"line":29,"column":5}},"13":{"start":{"line":27,"column":43},"end":{"line":29,"column":3}},"14":{"start":{"line":28,"column":31},"end":{"line":28,"column":69}},"15":{"start":{"line":31,"column":22},"end":{"line":33,"column":5}},"16":{"start":{"line":31,"column":34},"end":{"line":33,"column":3}},"17":{"start":{"line":32,"column":33},"end":{"line":32,"column":44}},"18":{"start":{"line":35,"column":19},"end":{"line":35,"column":55}},"19":{"start":{"line":35,"column":43},"end":{"line":35,"column":54}},"20":{"start":{"line":38,"column":14},"end":{"line":38,"column":33}},"21":{"start":{"line":39,"column":4},"end":{"line":41,"column":6}},"22":{"start":{"line":40,"column":6},"end":{"line":40,"column":82}},"23":{"start":{"line":40,"column":39},"end":{"line":40,"column":81}}},"fnMap":{"0":{"name":"(anonymous_0)","decl":{"start":{"line":12,"column":15},"end":{"line":12,"column":16}},"loc":{"start":{"line":12,"column":26},"end":{"line":16,"column":1}},"line":12},"1":{"name":"(anonymous_1)","decl":{"start":{"line":13,"column":25},"end":{"line":13,"column":26}},"loc":{"start":{"line":13,"column":32},"end":{"line":13,"column":72}},"line":13},"2":{"name":"(anonymous_2)","decl":{"start":{"line":13,"column":81},"end":{"line":13,"column":82}},"loc":{"start":{"line":13,"column":88},"end":{"line":13,"column":97}},"line":13},"3":{"name":"(anonymous_3)","decl":{"start":{"line":20,"column":38},"end":{"line":20,"column":39}},"loc":{"start":{"line":20,"column":53},"end":{"line":43,"column":1}},"line":20},"4":{"name":"(anonymous_4)","decl":{"start":{"line":23,"column":11},"end":{"line":23,"column":12}},"loc":{"start":{"line":23,"column":21},"end":{"line":25,"column":5}},"line":23},"5":{"name":"(anonymous_5)","decl":{"start":{"line":23,"column":25},"end":{"line":23,"column":26}},"loc":{"start":{"line":23,"column":33},"end":{"line":25,"column":3}},"line":23},"6":{"name":"(anonymous_6)","decl":{"start":{"line":27,"column":14},"end":{"line":27,"column":15}},"loc":{"start":{"line":27,"column":31},"end":{"line":29,"column":5}},"line":27},"7":{"name":"(anonymous_7)","decl":{"start":{"line":27,"column":35},"end":{"line":27,"column":36}},"loc":{"start":{"line":27,"column":43},"end":{"line":29,"column":3}},"line":27},"8":{"name":"(anonymous_8)","decl":{"start":{"line":28,"column":23},"end":{"line":28,"column":24}},"loc":{"start":{"line":28,"column":31},"end":{"line":28,"column":69}},"line":28},"9":{"name":"(anonymous_9)","decl":{"start":{"line":31,"column":14},"end":{"line":31,"column":15}},"loc":{"start":{"line":31,"column":22},"end":{"line":33,"column":5}},"line":31},"10":{"name":"(anonymous_10)","decl":{"start":{"line":31,"column":26},"end":{"line":31,"column":27}},"loc":{"start":{"line":31,"column":34},"end":{"line":33,"column":3}},"line":31},"11":{"name":"(anonymous_11)","decl":{"start":{"line":32,"column":26},"end":{"line":32,"column":27}},"loc":{"start":{"line":32,"column":33},"end":{"line":32,"column":44}},"line":32},"12":{"name":"(anonymous_12)","decl":{"start":{"line":35,"column":11},"end":{"line":35,"column":12}},"loc":{"start":{"line":35,"column":19},"end":{"line":35,"column":55}},"line":35},"13":{"name":"(anonymous_13)","decl":{"start":{"line":35,"column":36},"end":{"line":35,"column":37}},"loc":{"start":{"line":35,"column":43},"end":{"line":35,"column":54}},"line":35},"14":{"name":"(anonymous_14)","decl":{"start":{"line":37,"column":10},"end":{"line":37,"column":11}},"loc":{"start":{"line":37,"column":21},"end":{"line":42,"column":3}},"line":37},"15":{"name":"(anonymous_15)","decl":{"start":{"line":39,"column":30},"end":{"line":39,"column":31}},"loc":{"start":{"line":40,"column":6},"end":{"line":40,"column":82}},"line":40},"16":{"name":"(anonymous_16)","decl":{"start":{"line":40,"column":28},"end":{"line":40,"column":29}},"loc":{"start":{"line":40,"column":39},"end":{"line":40,"column":81}},"line":40}},"branchMap":{"0":{"loc":{"start":{"line":28,"column":31},"end":{"line":28,"column":69}},"type":"cond-expr","locations":[{"start":{"line":28,"column":45},"end":{"line":28,"column":65}},{"start":{"line":28,"column":68},"end":{"line":28,"column":69}}],"line":28}},"s":{"0":1,"1":1,"2":1,"3":3,"4":3,"5":1,"6":1,"7":1,"8":1,"9":1,"10":1,"11":1,"12":2,"13":2,"14":6,"15":2,"16":2,"17":6,"18":3,"19":5,"20":3,"21":3,"22":9,"23":17},"f":{"0":1,"1":3,"2":3,"3":1,"4":1,"5":1,"6":2,"7":2,"8":6,"9":2,"10":2,"11":6,"12":3,"13":5,"14":3,"15":9,"16":17},"b":{"0":[1,5]},"_coverageSchema":"1a1c01bbd47fc00a2c39e90264f33305004495a9","hash":"f55f19c28a4d158f1a2601d116c88f85b6a01a8f"}
,"C:\\projectcynt\\ferrotech-frontend\\stores\\cotizaciones.store.js": {"path":"C:\\projectcynt\\ferrotech-frontend\\stores\\cotizaciones.store.js","statementMap":{"0":{"start":{"line":3,"column":17},"end":{"line":10,"column":1}},"1":{"start":{"line":12,"column":15},"end":{"line":16,"column":1}},"2":{"start":{"line":13,"column":15},"end":{"line":13,"column":98}},"3":{"start":{"line":13,"column":32},"end":{"line":13,"column":72}},"4":{"start":{"line":13,"column":88},"end":{"line":13,"column":97}},"5":{"start":{"line":14,"column":14},"end":{"line":14,"column":34}},"6":{"start":{"line":15,"column":2},"end":{"line":15,"column":50}},"7":{"start":{"line":18,"column":25},"end":{"line":18,"column":36}},"8":{"start":{"line":20,"column":36},"end":{"line":43,"column":3}},"9":{"start":{"line":20,"column":58},"end":{"line":43,"column":1}},"10":{"start":{"line":23,"column":21},"end":{"line":25,"column":5}},"11":{"start":{"line":23,"column":33},"end":{"line":25,"column":3}},"12":{"start":{"line":27,"column":31},"end":{"line":29,"column":5}},"13":{"start":{"line":27,"column":43},"end":{"line":29,"column":3}},"14":{"start":{"line":28,"column":31},"end":{"line":28,"column":69}},"15":{"start":{"line":31,"column":22},"end":{"line":33,"column":5}},"16":{"start":{"line":31,"column":34},"end":{"line":33,"column":3}},"17":{"start":{"line":32,"column":33},"end":{"line":32,"column":44}},"18":{"start":{"line":35,"column":19},"end":{"line":35,"column":55}},"19":{"start":{"line":35,"column":43},"end":{"line":35,"column":54}},"20":{"start":{"line":38,"column":14},"end":{"line":38,"column":33}},"21":{"start":{"line":39,"column":4},"end":{"line":41,"column":6}},"22":{"start":{"line":40,"column":6},"end":{"line":40,"column":82}},"23":{"start":{"line":40,"column":39},"end":{"line":40,"column":81}}},"fnMap":{"0":{"name":"(anonymous_0)","decl":{"start":{"line":12,"column":15},"end":{"line":12,"column":16}},"loc":{"start":{"line":12,"column":26},"end":{"line":16,"column":1}},"line":12},"1":{"name":"(anonymous_1)","decl":{"start":{"line":13,"column":25},"end":{"line":13,"column":26}},"loc":{"start":{"line":13,"column":32},"end":{"line":13,"column":72}},"line":13},"2":{"name":"(anonymous_2)","decl":{"start":{"line":13,"column":81},"end":{"line":13,"column":82}},"loc":{"start":{"line":13,"column":88},"end":{"line":13,"column":97}},"line":13},"3":{"name":"(anonymous_3)","decl":{"start":{"line":20,"column":43},"end":{"line":20,"column":44}},"loc":{"start":{"line":20,"column":58},"end":{"line":43,"column":1}},"line":20},"4":{"name":"(anonymous_4)","decl":{"start":{"line":23,"column":11},"end":{"line":23,"column":12}},"loc":{"start":{"line":23,"column":21},"end":{"line":25,"column":5}},"line":23},"5":{"name":"(anonymous_5)","decl":{"start":{"line":23,"column":25},"end":{"line":23,"column":26}},"loc":{"start":{"line":23,"column":33},"end":{"line":25,"column":3}},"line":23},"6":{"name":"(anonymous_6)","decl":{"start":{"line":27,"column":14},"end":{"line":27,"column":15}},"loc":{"start":{"line":27,"column":31},"end":{"line":29,"column":5}},"line":27},"7":{"name":"(anonymous_7)","decl":{"start":{"line":27,"column":35},"end":{"line":27,"column":36}},"loc":{"start":{"line":27,"column":43},"end":{"line":29,"column":3}},"line":27},"8":{"name":"(anonymous_8)","decl":{"start":{"line":28,"column":23},"end":{"line":28,"column":24}},"loc":{"start":{"line":28,"column":31},"end":{"line":28,"column":69}},"line":28},"9":{"name":"(anonymous_9)","decl":{"start":{"line":31,"column":14},"end":{"line":31,"column":15}},"loc":{"start":{"line":31,"column":22},"end":{"line":33,"column":5}},"line":31},"10":{"name":"(anonymous_10)","decl":{"start":{"line":31,"column":26},"end":{"line":31,"column":27}},"loc":{"start":{"line":31,"column":34},"end":{"line":33,"column":3}},"line":31},"11":{"name":"(anonymous_11)","decl":{"start":{"line":32,"column":26},"end":{"line":32,"column":27}},"loc":{"start":{"line":32,"column":33},"end":{"line":32,"column":44}},"line":32},"12":{"name":"(anonymous_12)","decl":{"start":{"line":35,"column":11},"end":{"line":35,"column":12}},"loc":{"start":{"line":35,"column":19},"end":{"line":35,"column":55}},"line":35},"13":{"name":"(anonymous_13)","decl":{"start":{"line":35,"column":36},"end":{"line":35,"column":37}},"loc":{"start":{"line":35,"column":43},"end":{"line":35,"column":54}},"line":35},"14":{"name":"(anonymous_14)","decl":{"start":{"line":37,"column":10},"end":{"line":37,"column":11}},"loc":{"start":{"line":37,"column":21},"end":{"line":42,"column":3}},"line":37},"15":{"name":"(anonymous_15)","decl":{"start":{"line":39,"column":30},"end":{"line":39,"column":31}},"loc":{"start":{"line":40,"column":6},"end":{"line":40,"column":82}},"line":40},"16":{"name":"(anonymous_16)","decl":{"start":{"line":40,"column":28},"end":{"line":40,"column":29}},"loc":{"start":{"line":40,"column":39},"end":{"line":40,"column":81}},"line":40}},"branchMap":{"0":{"loc":{"start":{"line":28,"column":31},"end":{"line":28,"column":69}},"type":"cond-expr","locations":[{"start":{"line":28,"column":45},"end":{"line":28,"column":65}},{"start":{"line":28,"column":68},"end":{"line":28,"column":69}}],"line":28}},"s":{"0":1,"1":1,"2":1,"3":3,"4":3,"5":1,"6":1,"7":1,"8":1,"9":1,"10":1,"11":1,"12":2,"13":2,"14":6,"15":2,"16":2,"17":6,"18":3,"19":5,"20":2,"21":2,"22":6,"23":6},"f":{"0":1,"1":3,"2":3,"3":1,"4":1,"5":1,"6":2,"7":2,"8":6,"9":2,"10":2,"11":6,"12":3,"13":5,"14":2,"15":6,"16":6},"b":{"0":[1,5]},"_coverageSchema":"1a1c01bbd47fc00a2c39e90264f33305004495a9","hash":"d4498f8de7cff8da5c25ad4d0cb1079c0676f76c"}
,"C:\\projectcynt\\ferrotech-frontend\\stores\\envios.store.js": {"path":"C:\\projectcynt\\ferrotech-frontend\\stores\\envios.store.js","statementMap":{"0":{"start":{"line":3,"column":17},"end":{"line":10,"column":1}},"1":{"start":{"line":12,"column":15},"end":{"line":16,"column":1}},"2":{"start":{"line":13,"column":15},"end":{"line":13,"column":98}},"3":{"start":{"line":13,"column":32},"end":{"line":13,"column":72}},"4":{"start":{"line":13,"column":88},"end":{"line":13,"column":97}},"5":{"start":{"line":14,"column":14},"end":{"line":14,"column":34}},"6":{"start":{"line":15,"column":2},"end":{"line":15,"column":50}},"7":{"start":{"line":18,"column":25},"end":{"line":18,"column":60}},"8":{"start":{"line":20,"column":30},"end":{"line":43,"column":3}},"9":{"start":{"line":20,"column":52},"end":{"line":43,"column":1}},"10":{"start":{"line":23,"column":21},"end":{"line":25,"column":5}},"11":{"start":{"line":23,"column":33},"end":{"line":25,"column":3}},"12":{"start":{"line":27,"column":31},"end":{"line":29,"column":5}},"13":{"start":{"line":27,"column":43},"end":{"line":29,"column":3}},"14":{"start":{"line":28,"column":31},"end":{"line":28,"column":69}},"15":{"start":{"line":31,"column":22},"end":{"line":33,"column":5}},"16":{"start":{"line":31,"column":34},"end":{"line":33,"column":3}},"17":{"start":{"line":32,"column":33},"end":{"line":32,"column":44}},"18":{"start":{"line":35,"column":19},"end":{"line":35,"column":55}},"19":{"start":{"line":35,"column":43},"end":{"line":35,"column":54}},"20":{"start":{"line":38,"column":14},"end":{"line":38,"column":33}},"21":{"start":{"line":39,"column":4},"end":{"line":41,"column":6}},"22":{"start":{"line":40,"column":6},"end":{"line":40,"column":82}},"23":{"start":{"line":40,"column":39},"end":{"line":40,"column":81}}},"fnMap":{"0":{"name":"(anonymous_0)","decl":{"start":{"line":12,"column":15},"end":{"line":12,"column":16}},"loc":{"start":{"line":12,"column":26},"end":{"line":16,"column":1}},"line":12},"1":{"name":"(anonymous_1)","decl":{"start":{"line":13,"column":25},"end":{"line":13,"column":26}},"loc":{"start":{"line":13,"column":32},"end":{"line":13,"column":72}},"line":13},"2":{"name":"(anonymous_2)","decl":{"start":{"line":13,"column":81},"end":{"line":13,"column":82}},"loc":{"start":{"line":13,"column":88},"end":{"line":13,"column":97}},"line":13},"3":{"name":"(anonymous_3)","decl":{"start":{"line":20,"column":37},"end":{"line":20,"column":38}},"loc":{"start":{"line":20,"column":52},"end":{"line":43,"column":1}},"line":20},"4":{"name":"(anonymous_4)","decl":{"start":{"line":23,"column":11},"end":{"line":23,"column":12}},"loc":{"start":{"line":23,"column":21},"end":{"line":25,"column":5}},"line":23},"5":{"name":"(anonymous_5)","decl":{"start":{"line":23,"column":25},"end":{"line":23,"column":26}},"loc":{"start":{"line":23,"column":33},"end":{"line":25,"column":3}},"line":23},"6":{"name":"(anonymous_6)","decl":{"start":{"line":27,"column":14},"end":{"line":27,"column":15}},"loc":{"start":{"line":27,"column":31},"end":{"line":29,"column":5}},"line":27},"7":{"name":"(anonymous_7)","decl":{"start":{"line":27,"column":35},"end":{"line":27,"column":36}},"loc":{"start":{"line":27,"column":43},"end":{"line":29,"column":3}},"line":27},"8":{"name":"(anonymous_8)","decl":{"start":{"line":28,"column":23},"end":{"line":28,"column":24}},"loc":{"start":{"line":28,"column":31},"end":{"line":28,"column":69}},"line":28},"9":{"name":"(anonymous_9)","decl":{"start":{"line":31,"column":14},"end":{"line":31,"column":15}},"loc":{"start":{"line":31,"column":22},"end":{"line":33,"column":5}},"line":31},"10":{"name":"(anonymous_10)","decl":{"start":{"line":31,"column":26},"end":{"line":31,"column":27}},"loc":{"start":{"line":31,"column":34},"end":{"line":33,"column":3}},"line":31},"11":{"name":"(anonymous_11)","decl":{"start":{"line":32,"column":26},"end":{"line":32,"column":27}},"loc":{"start":{"line":32,"column":33},"end":{"line":32,"column":44}},"line":32},"12":{"name":"(anonymous_12)","decl":{"start":{"line":35,"column":11},"end":{"line":35,"column":12}},"loc":{"start":{"line":35,"column":19},"end":{"line":35,"column":55}},"line":35},"13":{"name":"(anonymous_13)","decl":{"start":{"line":35,"column":36},"end":{"line":35,"column":37}},"loc":{"start":{"line":35,"column":43},"end":{"line":35,"column":54}},"line":35},"14":{"name":"(anonymous_14)","decl":{"start":{"line":37,"column":10},"end":{"line":37,"column":11}},"loc":{"start":{"line":37,"column":21},"end":{"line":42,"column":3}},"line":37},"15":{"name":"(anonymous_15)","decl":{"start":{"line":39,"column":30},"end":{"line":39,"column":31}},"loc":{"start":{"line":40,"column":6},"end":{"line":40,"column":82}},"line":40},"16":{"name":"(anonymous_16)","decl":{"start":{"line":40,"column":28},"end":{"line":40,"column":29}},"loc":{"start":{"line":40,"column":39},"end":{"line":40,"column":81}},"line":40}},"branchMap":{"0":{"loc":{"start":{"line":28,"column":31},"end":{"line":28,"column":69}},"type":"cond-expr","locations":[{"start":{"line":28,"column":45},"end":{"line":28,"column":65}},{"start":{"line":28,"column":68},"end":{"line":28,"column":69}}],"line":28}},"s":{"0":1,"1":1,"2":1,"3":3,"4":3,"5":1,"6":1,"7":1,"8":1,"9":1,"10":1,"11":1,"12":2,"13":2,"14":6,"15":2,"16":2,"17":6,"18":3,"19":5,"20":3,"21":3,"22":9,"23":26},"f":{"0":1,"1":3,"2":3,"3":1,"4":1,"5":1,"6":2,"7":2,"8":6,"9":2,"10":2,"11":6,"12":3,"13":5,"14":3,"15":9,"16":26},"b":{"0":[1,5]},"_coverageSchema":"1a1c01bbd47fc00a2c39e90264f33305004495a9","hash":"4e564b2968193e69ca36943acacd97c299374c3d"}
,"C:\\projectcynt\\ferrotech-frontend\\stores\\pagos-cobros.store.js": {"path":"C:\\projectcynt\\ferrotech-frontend\\stores\\pagos-cobros.store.js","statementMap":{"0":{"start":{"line":3,"column":17},"end":{"line":12,"column":1}},"1":{"start":{"line":14,"column":15},"end":{"line":18,"column":1}},"2":{"start":{"line":15,"column":15},"end":{"line":15,"column":98}},"3":{"start":{"line":15,"column":32},"end":{"line":15,"column":72}},"4":{"start":{"line":15,"column":88},"end":{"line":15,"column":97}},"5":{"start":{"line":16,"column":14},"end":{"line":16,"column":34}},"6":{"start":{"line":17,"column":2},"end":{"line":17,"column":52}},"7":{"start":{"line":20,"column":25},"end":{"line":20,"column":48}},"8":{"start":{"line":22,"column":35},"end":{"line":45,"column":3}},"9":{"start":{"line":22,"column":57},"end":{"line":45,"column":1}},"10":{"start":{"line":25,"column":21},"end":{"line":27,"column":5}},"11":{"start":{"line":25,"column":33},"end":{"line":27,"column":3}},"12":{"start":{"line":29,"column":31},"end":{"line":31,"column":5}},"13":{"start":{"line":29,"column":43},"end":{"line":31,"column":3}},"14":{"start":{"line":30,"column":31},"end":{"line":30,"column":69}},"15":{"start":{"line":33,"column":22},"end":{"line":35,"column":5}},"16":{"start":{"line":33,"column":34},"end":{"line":35,"column":3}},"17":{"start":{"line":34,"column":33},"end":{"line":34,"column":44}},"18":{"start":{"line":37,"column":19},"end":{"line":37,"column":55}},"19":{"start":{"line":37,"column":43},"end":{"line":37,"column":54}},"20":{"start":{"line":40,"column":14},"end":{"line":40,"column":33}},"21":{"start":{"line":41,"column":4},"end":{"line":43,"column":6}},"22":{"start":{"line":42,"column":6},"end":{"line":42,"column":82}},"23":{"start":{"line":42,"column":39},"end":{"line":42,"column":81}}},"fnMap":{"0":{"name":"(anonymous_0)","decl":{"start":{"line":14,"column":15},"end":{"line":14,"column":16}},"loc":{"start":{"line":14,"column":26},"end":{"line":18,"column":1}},"line":14},"1":{"name":"(anonymous_1)","decl":{"start":{"line":15,"column":25},"end":{"line":15,"column":26}},"loc":{"start":{"line":15,"column":32},"end":{"line":15,"column":72}},"line":15},"2":{"name":"(anonymous_2)","decl":{"start":{"line":15,"column":81},"end":{"line":15,"column":82}},"loc":{"start":{"line":15,"column":88},"end":{"line":15,"column":97}},"line":15},"3":{"name":"(anonymous_3)","decl":{"start":{"line":22,"column":42},"end":{"line":22,"column":43}},"loc":{"start":{"line":22,"column":57},"end":{"line":45,"column":1}},"line":22},"4":{"name":"(anonymous_4)","decl":{"start":{"line":25,"column":11},"end":{"line":25,"column":12}},"loc":{"start":{"line":25,"column":21},"end":{"line":27,"column":5}},"line":25},"5":{"name":"(anonymous_5)","decl":{"start":{"line":25,"column":25},"end":{"line":25,"column":26}},"loc":{"start":{"line":25,"column":33},"end":{"line":27,"column":3}},"line":25},"6":{"name":"(anonymous_6)","decl":{"start":{"line":29,"column":14},"end":{"line":29,"column":15}},"loc":{"start":{"line":29,"column":31},"end":{"line":31,"column":5}},"line":29},"7":{"name":"(anonymous_7)","decl":{"start":{"line":29,"column":35},"end":{"line":29,"column":36}},"loc":{"start":{"line":29,"column":43},"end":{"line":31,"column":3}},"line":29},"8":{"name":"(anonymous_8)","decl":{"start":{"line":30,"column":23},"end":{"line":30,"column":24}},"loc":{"start":{"line":30,"column":31},"end":{"line":30,"column":69}},"line":30},"9":{"name":"(anonymous_9)","decl":{"start":{"line":33,"column":14},"end":{"line":33,"column":15}},"loc":{"start":{"line":33,"column":22},"end":{"line":35,"column":5}},"line":33},"10":{"name":"(anonymous_10)","decl":{"start":{"line":33,"column":26},"end":{"line":33,"column":27}},"loc":{"start":{"line":33,"column":34},"end":{"line":35,"column":3}},"line":33},"11":{"name":"(anonymous_11)","decl":{"start":{"line":34,"column":26},"end":{"line":34,"column":27}},"loc":{"start":{"line":34,"column":33},"end":{"line":34,"column":44}},"line":34},"12":{"name":"(anonymous_12)","decl":{"start":{"line":37,"column":11},"end":{"line":37,"column":12}},"loc":{"start":{"line":37,"column":19},"end":{"line":37,"column":55}},"line":37},"13":{"name":"(anonymous_13)","decl":{"start":{"line":37,"column":36},"end":{"line":37,"column":37}},"loc":{"start":{"line":37,"column":43},"end":{"line":37,"column":54}},"line":37},"14":{"name":"(anonymous_14)","decl":{"start":{"line":39,"column":10},"end":{"line":39,"column":11}},"loc":{"start":{"line":39,"column":21},"end":{"line":44,"column":3}},"line":39},"15":{"name":"(anonymous_15)","decl":{"start":{"line":41,"column":30},"end":{"line":41,"column":31}},"loc":{"start":{"line":42,"column":6},"end":{"line":42,"column":82}},"line":42},"16":{"name":"(anonymous_16)","decl":{"start":{"line":42,"column":28},"end":{"line":42,"column":29}},"loc":{"start":{"line":42,"column":39},"end":{"line":42,"column":81}},"line":42}},"branchMap":{"0":{"loc":{"start":{"line":30,"column":31},"end":{"line":30,"column":69}},"type":"cond-expr","locations":[{"start":{"line":30,"column":45},"end":{"line":30,"column":65}},{"start":{"line":30,"column":68},"end":{"line":30,"column":69}}],"line":30}},"s":{"0":1,"1":1,"2":1,"3":3,"4":3,"5":1,"6":1,"7":1,"8":1,"9":1,"10":1,"11":1,"12":2,"13":2,"14":6,"15":2,"16":2,"17":6,"18":3,"19":5,"20":3,"21":3,"22":9,"23":17},"f":{"0":1,"1":3,"2":3,"3":1,"4":1,"5":1,"6":2,"7":2,"8":6,"9":2,"10":2,"11":6,"12":3,"13":5,"14":3,"15":9,"16":17},"b":{"0":[1,5]},"_coverageSchema":"1a1c01bbd47fc00a2c39e90264f33305004495a9","hash":"c30400bde432574c513d5b0053497982d6386eb7"}
,"C:\\projectcynt\\ferrotech-frontend\\stores\\pedidos.store.js": {"path":"C:\\projectcynt\\ferrotech-frontend\\stores\\pedidos.store.js","statementMap":{"0":{"start":{"line":3,"column":17},"end":{"line":11,"column":1}},"1":{"start":{"line":13,"column":15},"end":{"line":17,"column":1}},"2":{"start":{"line":14,"column":15},"end":{"line":14,"column":98}},"3":{"start":{"line":14,"column":32},"end":{"line":14,"column":72}},"4":{"start":{"line":14,"column":88},"end":{"line":14,"column":97}},"5":{"start":{"line":15,"column":14},"end":{"line":15,"column":34}},"6":{"start":{"line":16,"column":2},"end":{"line":16,"column":50}},"7":{"start":{"line":19,"column":25},"end":{"line":19,"column":42}},"8":{"start":{"line":21,"column":31},"end":{"line":44,"column":3}},"9":{"start":{"line":21,"column":53},"end":{"line":44,"column":1}},"10":{"start":{"line":24,"column":21},"end":{"line":26,"column":5}},"11":{"start":{"line":24,"column":33},"end":{"line":26,"column":3}},"12":{"start":{"line":28,"column":31},"end":{"line":30,"column":5}},"13":{"start":{"line":28,"column":43},"end":{"line":30,"column":3}},"14":{"start":{"line":29,"column":31},"end":{"line":29,"column":69}},"15":{"start":{"line":32,"column":22},"end":{"line":34,"column":5}},"16":{"start":{"line":32,"column":34},"end":{"line":34,"column":3}},"17":{"start":{"line":33,"column":33},"end":{"line":33,"column":44}},"18":{"start":{"line":36,"column":19},"end":{"line":36,"column":55}},"19":{"start":{"line":36,"column":43},"end":{"line":36,"column":54}},"20":{"start":{"line":39,"column":14},"end":{"line":39,"column":33}},"21":{"start":{"line":40,"column":4},"end":{"line":42,"column":6}},"22":{"start":{"line":41,"column":6},"end":{"line":41,"column":82}},"23":{"start":{"line":41,"column":39},"end":{"line":41,"column":81}}},"fnMap":{"0":{"name":"(anonymous_0)","decl":{"start":{"line":13,"column":15},"end":{"line":13,"column":16}},"loc":{"start":{"line":13,"column":26},"end":{"line":17,"column":1}},"line":13},"1":{"name":"(anonymous_1)","decl":{"start":{"line":14,"column":25},"end":{"line":14,"column":26}},"loc":{"start":{"line":14,"column":32},"end":{"line":14,"column":72}},"line":14},"2":{"name":"(anonymous_2)","decl":{"start":{"line":14,"column":81},"end":{"line":14,"column":82}},"loc":{"start":{"line":14,"column":88},"end":{"line":14,"column":97}},"line":14},"3":{"name":"(anonymous_3)","decl":{"start":{"line":21,"column":38},"end":{"line":21,"column":39}},"loc":{"start":{"line":21,"column":53},"end":{"line":44,"column":1}},"line":21},"4":{"name":"(anonymous_4)","decl":{"start":{"line":24,"column":11},"end":{"line":24,"column":12}},"loc":{"start":{"line":24,"column":21},"end":{"line":26,"column":5}},"line":24},"5":{"name":"(anonymous_5)","decl":{"start":{"line":24,"column":25},"end":{"line":24,"column":26}},"loc":{"start":{"line":24,"column":33},"end":{"line":26,"column":3}},"line":24},"6":{"name":"(anonymous_6)","decl":{"start":{"line":28,"column":14},"end":{"line":28,"column":15}},"loc":{"start":{"line":28,"column":31},"end":{"line":30,"column":5}},"line":28},"7":{"name":"(anonymous_7)","decl":{"start":{"line":28,"column":35},"end":{"line":28,"column":36}},"loc":{"start":{"line":28,"column":43},"end":{"line":30,"column":3}},"line":28},"8":{"name":"(anonymous_8)","decl":{"start":{"line":29,"column":23},"end":{"line":29,"column":24}},"loc":{"start":{"line":29,"column":31},"end":{"line":29,"column":69}},"line":29},"9":{"name":"(anonymous_9)","decl":{"start":{"line":32,"column":14},"end":{"line":32,"column":15}},"loc":{"start":{"line":32,"column":22},"end":{"line":34,"column":5}},"line":32},"10":{"name":"(anonymous_10)","decl":{"start":{"line":32,"column":26},"end":{"line":32,"column":27}},"loc":{"start":{"line":32,"column":34},"end":{"line":34,"column":3}},"line":32},"11":{"name":"(anonymous_11)","decl":{"start":{"line":33,"column":26},"end":{"line":33,"column":27}},"loc":{"start":{"line":33,"column":33},"end":{"line":33,"column":44}},"line":33},"12":{"name":"(anonymous_12)","decl":{"start":{"line":36,"column":11},"end":{"line":36,"column":12}},"loc":{"start":{"line":36,"column":19},"end":{"line":36,"column":55}},"line":36},"13":{"name":"(anonymous_13)","decl":{"start":{"line":36,"column":36},"end":{"line":36,"column":37}},"loc":{"start":{"line":36,"column":43},"end":{"line":36,"column":54}},"line":36},"14":{"name":"(anonymous_14)","decl":{"start":{"line":38,"column":10},"end":{"line":38,"column":11}},"loc":{"start":{"line":38,"column":21},"end":{"line":43,"column":3}},"line":38},"15":{"name":"(anonymous_15)","decl":{"start":{"line":40,"column":30},"end":{"line":40,"column":31}},"loc":{"start":{"line":41,"column":6},"end":{"line":41,"column":82}},"line":41},"16":{"name":"(anonymous_16)","decl":{"start":{"line":41,"column":28},"end":{"line":41,"column":29}},"loc":{"start":{"line":41,"column":39},"end":{"line":41,"column":81}},"line":41}},"branchMap":{"0":{"loc":{"start":{"line":29,"column":31},"end":{"line":29,"column":69}},"type":"cond-expr","locations":[{"start":{"line":29,"column":45},"end":{"line":29,"column":65}},{"start":{"line":29,"column":68},"end":{"line":29,"column":69}}],"line":29}},"s":{"0":1,"1":1,"2":1,"3":3,"4":3,"5":1,"6":1,"7":1,"8":1,"9":1,"10":1,"11":1,"12":2,"13":2,"14":6,"15":2,"16":2,"17":6,"18":3,"19":5,"20":3,"21":3,"22":9,"23":17},"f":{"0":1,"1":3,"2":3,"3":1,"4":1,"5":1,"6":2,"7":2,"8":6,"9":2,"10":2,"11":6,"12":3,"13":5,"14":3,"15":9,"16":17},"b":{"0":[1,5]},"_coverageSchema":"1a1c01bbd47fc00a2c39e90264f33305004495a9","hash":"a64dcb839880c7a878600f9e3953db802d2d9589"}
,"C:\\projectcynt\\ferrotech-frontend\\stores\\productos.store.js": {"path":"C:\\projectcynt\\ferrotech-frontend\\stores\\productos.store.js","statementMap":{"0":{"start":{"line":3,"column":17},"end":{"line":17,"column":1}},"1":{"start":{"line":19,"column":15},"end":{"line":19,"column":68}},"2":{"start":{"line":19,"column":26},"end":{"line":19,"column":68}},"3":{"start":{"line":19,"column":55},"end":{"line":19,"column":59}},"4":{"start":{"line":20,"column":25},"end":{"line":20,"column":48}},"5":{"start":{"line":22,"column":33},"end":{"line":45,"column":3}},"6":{"start":{"line":22,"column":55},"end":{"line":45,"column":1}},"7":{"start":{"line":25,"column":21},"end":{"line":27,"column":5}},"8":{"start":{"line":25,"column":33},"end":{"line":27,"column":3}},"9":{"start":{"line":29,"column":31},"end":{"line":31,"column":5}},"10":{"start":{"line":29,"column":43},"end":{"line":31,"column":3}},"11":{"start":{"line":30,"column":31},"end":{"line":30,"column":69}},"12":{"start":{"line":33,"column":22},"end":{"line":35,"column":5}},"13":{"start":{"line":33,"column":34},"end":{"line":35,"column":3}},"14":{"start":{"line":34,"column":33},"end":{"line":34,"column":44}},"15":{"start":{"line":37,"column":19},"end":{"line":37,"column":55}},"16":{"start":{"line":37,"column":43},"end":{"line":37,"column":54}},"17":{"start":{"line":40,"column":14},"end":{"line":40,"column":33}},"18":{"start":{"line":41,"column":4},"end":{"line":43,"column":6}},"19":{"start":{"line":42,"column":6},"end":{"line":42,"column":82}},"20":{"start":{"line":42,"column":39},"end":{"line":42,"column":81}}},"fnMap":{"0":{"name":"(anonymous_0)","decl":{"start":{"line":19,"column":15},"end":{"line":19,"column":16}},"loc":{"start":{"line":19,"column":26},"end":{"line":19,"column":68}},"line":19},"1":{"name":"(anonymous_1)","decl":{"start":{"line":19,"column":48},"end":{"line":19,"column":49}},"loc":{"start":{"line":19,"column":55},"end":{"line":19,"column":59}},"line":19},"2":{"name":"(anonymous_2)","decl":{"start":{"line":22,"column":40},"end":{"line":22,"column":41}},"loc":{"start":{"line":22,"column":55},"end":{"line":45,"column":1}},"line":22},"3":{"name":"(anonymous_3)","decl":{"start":{"line":25,"column":11},"end":{"line":25,"column":12}},"loc":{"start":{"line":25,"column":21},"end":{"line":27,"column":5}},"line":25},"4":{"name":"(anonymous_4)","decl":{"start":{"line":25,"column":25},"end":{"line":25,"column":26}},"loc":{"start":{"line":25,"column":33},"end":{"line":27,"column":3}},"line":25},"5":{"name":"(anonymous_5)","decl":{"start":{"line":29,"column":14},"end":{"line":29,"column":15}},"loc":{"start":{"line":29,"column":31},"end":{"line":31,"column":5}},"line":29},"6":{"name":"(anonymous_6)","decl":{"start":{"line":29,"column":35},"end":{"line":29,"column":36}},"loc":{"start":{"line":29,"column":43},"end":{"line":31,"column":3}},"line":29},"7":{"name":"(anonymous_7)","decl":{"start":{"line":30,"column":23},"end":{"line":30,"column":24}},"loc":{"start":{"line":30,"column":31},"end":{"line":30,"column":69}},"line":30},"8":{"name":"(anonymous_8)","decl":{"start":{"line":33,"column":14},"end":{"line":33,"column":15}},"loc":{"start":{"line":33,"column":22},"end":{"line":35,"column":5}},"line":33},"9":{"name":"(anonymous_9)","decl":{"start":{"line":33,"column":26},"end":{"line":33,"column":27}},"loc":{"start":{"line":33,"column":34},"end":{"line":35,"column":3}},"line":33},"10":{"name":"(anonymous_10)","decl":{"start":{"line":34,"column":26},"end":{"line":34,"column":27}},"loc":{"start":{"line":34,"column":33},"end":{"line":34,"column":44}},"line":34},"11":{"name":"(anonymous_11)","decl":{"start":{"line":37,"column":11},"end":{"line":37,"column":12}},"loc":{"start":{"line":37,"column":19},"end":{"line":37,"column":55}},"line":37},"12":{"name":"(anonymous_12)","decl":{"start":{"line":37,"column":36},"end":{"line":37,"column":37}},"loc":{"start":{"line":37,"column":43},"end":{"line":37,"column":54}},"line":37},"13":{"name":"(anonymous_13)","decl":{"start":{"line":39,"column":10},"end":{"line":39,"column":11}},"loc":{"start":{"line":39,"column":21},"end":{"line":44,"column":3}},"line":39},"14":{"name":"(anonymous_14)","decl":{"start":{"line":41,"column":30},"end":{"line":41,"column":31}},"loc":{"start":{"line":42,"column":6},"end":{"line":42,"column":82}},"line":42},"15":{"name":"(anonymous_15)","decl":{"start":{"line":42,"column":28},"end":{"line":42,"column":29}},"loc":{"start":{"line":42,"column":39},"end":{"line":42,"column":81}},"line":42}},"branchMap":{"0":{"loc":{"start":{"line":30,"column":31},"end":{"line":30,"column":69}},"type":"cond-expr","locations":[{"start":{"line":30,"column":45},"end":{"line":30,"column":65}},{"start":{"line":30,"column":68},"end":{"line":30,"column":69}}],"line":30}},"s":{"0":1,"1":1,"2":1,"3":3,"4":1,"5":1,"6":1,"7":1,"8":1,"9":2,"10":2,"11":6,"12":2,"13":2,"14":6,"15":3,"16":5,"17":3,"18":3,"19":9,"20":17},"f":{"0":1,"1":3,"2":1,"3":1,"4":1,"5":2,"6":2,"7":6,"8":2,"9":2,"10":6,"11":3,"12":5,"13":3,"14":9,"15":17},"b":{"0":[1,5]},"_coverageSchema":"1a1c01bbd47fc00a2c39e90264f33305004495a9","hash":"6856add2970743044d0ec18e1dc8696d26a80854"}
,"C:\\projectcynt\\ferrotech-frontend\\stores\\proveedores.store.js": {"path":"C:\\projectcynt\\ferrotech-frontend\\stores\\proveedores.store.js","statementMap":{"0":{"start":{"line":3,"column":17},"end":{"line":11,"column":1}},"1":{"start":{"line":13,"column":15},"end":{"line":13,"column":68}},"2":{"start":{"line":13,"column":26},"end":{"line":13,"column":68}},"3":{"start":{"line":13,"column":55},"end":{"line":13,"column":59}},"4":{"start":{"line":14,"column":25},"end":{"line":14,"column":44}},"5":{"start":{"line":16,"column":35},"end":{"line":39,"column":3}},"6":{"start":{"line":16,"column":57},"end":{"line":39,"column":1}},"7":{"start":{"line":19,"column":21},"end":{"line":21,"column":5}},"8":{"start":{"line":19,"column":33},"end":{"line":21,"column":3}},"9":{"start":{"line":23,"column":31},"end":{"line":25,"column":5}},"10":{"start":{"line":23,"column":43},"end":{"line":25,"column":3}},"11":{"start":{"line":24,"column":31},"end":{"line":24,"column":69}},"12":{"start":{"line":27,"column":22},"end":{"line":29,"column":5}},"13":{"start":{"line":27,"column":34},"end":{"line":29,"column":3}},"14":{"start":{"line":28,"column":33},"end":{"line":28,"column":44}},"15":{"start":{"line":31,"column":19},"end":{"line":31,"column":55}},"16":{"start":{"line":31,"column":43},"end":{"line":31,"column":54}},"17":{"start":{"line":34,"column":14},"end":{"line":34,"column":33}},"18":{"start":{"line":35,"column":4},"end":{"line":37,"column":6}},"19":{"start":{"line":36,"column":6},"end":{"line":36,"column":82}},"20":{"start":{"line":36,"column":39},"end":{"line":36,"column":81}}},"fnMap":{"0":{"name":"(anonymous_0)","decl":{"start":{"line":13,"column":15},"end":{"line":13,"column":16}},"loc":{"start":{"line":13,"column":26},"end":{"line":13,"column":68}},"line":13},"1":{"name":"(anonymous_1)","decl":{"start":{"line":13,"column":48},"end":{"line":13,"column":49}},"loc":{"start":{"line":13,"column":55},"end":{"line":13,"column":59}},"line":13},"2":{"name":"(anonymous_2)","decl":{"start":{"line":16,"column":42},"end":{"line":16,"column":43}},"loc":{"start":{"line":16,"column":57},"end":{"line":39,"column":1}},"line":16},"3":{"name":"(anonymous_3)","decl":{"start":{"line":19,"column":11},"end":{"line":19,"column":12}},"loc":{"start":{"line":19,"column":21},"end":{"line":21,"column":5}},"line":19},"4":{"name":"(anonymous_4)","decl":{"start":{"line":19,"column":25},"end":{"line":19,"column":26}},"loc":{"start":{"line":19,"column":33},"end":{"line":21,"column":3}},"line":19},"5":{"name":"(anonymous_5)","decl":{"start":{"line":23,"column":14},"end":{"line":23,"column":15}},"loc":{"start":{"line":23,"column":31},"end":{"line":25,"column":5}},"line":23},"6":{"name":"(anonymous_6)","decl":{"start":{"line":23,"column":35},"end":{"line":23,"column":36}},"loc":{"start":{"line":23,"column":43},"end":{"line":25,"column":3}},"line":23},"7":{"name":"(anonymous_7)","decl":{"start":{"line":24,"column":23},"end":{"line":24,"column":24}},"loc":{"start":{"line":24,"column":31},"end":{"line":24,"column":69}},"line":24},"8":{"name":"(anonymous_8)","decl":{"start":{"line":27,"column":14},"end":{"line":27,"column":15}},"loc":{"start":{"line":27,"column":22},"end":{"line":29,"column":5}},"line":27},"9":{"name":"(anonymous_9)","decl":{"start":{"line":27,"column":26},"end":{"line":27,"column":27}},"loc":{"start":{"line":27,"column":34},"end":{"line":29,"column":3}},"line":27},"10":{"name":"(anonymous_10)","decl":{"start":{"line":28,"column":26},"end":{"line":28,"column":27}},"loc":{"start":{"line":28,"column":33},"end":{"line":28,"column":44}},"line":28},"11":{"name":"(anonymous_11)","decl":{"start":{"line":31,"column":11},"end":{"line":31,"column":12}},"loc":{"start":{"line":31,"column":19},"end":{"line":31,"column":55}},"line":31},"12":{"name":"(anonymous_12)","decl":{"start":{"line":31,"column":36},"end":{"line":31,"column":37}},"loc":{"start":{"line":31,"column":43},"end":{"line":31,"column":54}},"line":31},"13":{"name":"(anonymous_13)","decl":{"start":{"line":33,"column":10},"end":{"line":33,"column":11}},"loc":{"start":{"line":33,"column":21},"end":{"line":38,"column":3}},"line":33},"14":{"name":"(anonymous_14)","decl":{"start":{"line":35,"column":30},"end":{"line":35,"column":31}},"loc":{"start":{"line":36,"column":6},"end":{"line":36,"column":82}},"line":36},"15":{"name":"(anonymous_15)","decl":{"start":{"line":36,"column":28},"end":{"line":36,"column":29}},"loc":{"start":{"line":36,"column":39},"end":{"line":36,"column":81}},"line":36}},"branchMap":{"0":{"loc":{"start":{"line":24,"column":31},"end":{"line":24,"column":69}},"type":"cond-expr","locations":[{"start":{"line":24,"column":45},"end":{"line":24,"column":65}},{"start":{"line":24,"column":68},"end":{"line":24,"column":69}}],"line":24}},"s":{"0":1,"1":1,"2":1,"3":3,"4":1,"5":1,"6":1,"7":1,"8":1,"9":2,"10":2,"11":6,"12":2,"13":2,"14":6,"15":3,"16":5,"17":3,"18":3,"19":9,"20":17},"f":{"0":1,"1":3,"2":1,"3":1,"4":1,"5":2,"6":2,"7":6,"8":2,"9":2,"10":6,"11":3,"12":5,"13":3,"14":9,"15":17},"b":{"0":[1,5]},"_coverageSchema":"1a1c01bbd47fc00a2c39e90264f33305004495a9","hash":"e8a58cb2f59271194bcc70aa821cca3b4fe4bca3"}
,"C:\\projectcynt\\ferrotech-frontend\\stores\\usuarios.store.js": {"path":"C:\\projectcynt\\ferrotech-frontend\\stores\\usuarios.store.js","statementMap":{"0":{"start":{"line":3,"column":17},"end":{"line":10,"column":1}},"1":{"start":{"line":12,"column":15},"end":{"line":12,"column":68}},"2":{"start":{"line":12,"column":26},"end":{"line":12,"column":68}},"3":{"start":{"line":12,"column":55},"end":{"line":12,"column":59}},"4":{"start":{"line":13,"column":25},"end":{"line":13,"column":51}},"5":{"start":{"line":15,"column":32},"end":{"line":38,"column":3}},"6":{"start":{"line":15,"column":54},"end":{"line":38,"column":1}},"7":{"start":{"line":18,"column":21},"end":{"line":20,"column":5}},"8":{"start":{"line":18,"column":33},"end":{"line":20,"column":3}},"9":{"start":{"line":22,"column":31},"end":{"line":24,"column":5}},"10":{"start":{"line":22,"column":43},"end":{"line":24,"column":3}},"11":{"start":{"line":23,"column":31},"end":{"line":23,"column":69}},"12":{"start":{"line":26,"column":22},"end":{"line":28,"column":5}},"13":{"start":{"line":26,"column":34},"end":{"line":28,"column":3}},"14":{"start":{"line":27,"column":33},"end":{"line":27,"column":44}},"15":{"start":{"line":30,"column":19},"end":{"line":30,"column":55}},"16":{"start":{"line":30,"column":43},"end":{"line":30,"column":54}},"17":{"start":{"line":33,"column":14},"end":{"line":33,"column":33}},"18":{"start":{"line":34,"column":4},"end":{"line":36,"column":6}},"19":{"start":{"line":35,"column":6},"end":{"line":35,"column":82}},"20":{"start":{"line":35,"column":39},"end":{"line":35,"column":81}}},"fnMap":{"0":{"name":"(anonymous_0)","decl":{"start":{"line":12,"column":15},"end":{"line":12,"column":16}},"loc":{"start":{"line":12,"column":26},"end":{"line":12,"column":68}},"line":12},"1":{"name":"(anonymous_1)","decl":{"start":{"line":12,"column":48},"end":{"line":12,"column":49}},"loc":{"start":{"line":12,"column":55},"end":{"line":12,"column":59}},"line":12},"2":{"name":"(anonymous_2)","decl":{"start":{"line":15,"column":39},"end":{"line":15,"column":40}},"loc":{"start":{"line":15,"column":54},"end":{"line":38,"column":1}},"line":15},"3":{"name":"(anonymous_3)","decl":{"start":{"line":18,"column":11},"end":{"line":18,"column":12}},"loc":{"start":{"line":18,"column":21},"end":{"line":20,"column":5}},"line":18},"4":{"name":"(anonymous_4)","decl":{"start":{"line":18,"column":25},"end":{"line":18,"column":26}},"loc":{"start":{"line":18,"column":33},"end":{"line":20,"column":3}},"line":18},"5":{"name":"(anonymous_5)","decl":{"start":{"line":22,"column":14},"end":{"line":22,"column":15}},"loc":{"start":{"line":22,"column":31},"end":{"line":24,"column":5}},"line":22},"6":{"name":"(anonymous_6)","decl":{"start":{"line":22,"column":35},"end":{"line":22,"column":36}},"loc":{"start":{"line":22,"column":43},"end":{"line":24,"column":3}},"line":22},"7":{"name":"(anonymous_7)","decl":{"start":{"line":23,"column":23},"end":{"line":23,"column":24}},"loc":{"start":{"line":23,"column":31},"end":{"line":23,"column":69}},"line":23},"8":{"name":"(anonymous_8)","decl":{"start":{"line":26,"column":14},"end":{"line":26,"column":15}},"loc":{"start":{"line":26,"column":22},"end":{"line":28,"column":5}},"line":26},"9":{"name":"(anonymous_9)","decl":{"start":{"line":26,"column":26},"end":{"line":26,"column":27}},"loc":{"start":{"line":26,"column":34},"end":{"line":28,"column":3}},"line":26},"10":{"name":"(anonymous_10)","decl":{"start":{"line":27,"column":26},"end":{"line":27,"column":27}},"loc":{"start":{"line":27,"column":33},"end":{"line":27,"column":44}},"line":27},"11":{"name":"(anonymous_11)","decl":{"start":{"line":30,"column":11},"end":{"line":30,"column":12}},"loc":{"start":{"line":30,"column":19},"end":{"line":30,"column":55}},"line":30},"12":{"name":"(anonymous_12)","decl":{"start":{"line":30,"column":36},"end":{"line":30,"column":37}},"loc":{"start":{"line":30,"column":43},"end":{"line":30,"column":54}},"line":30},"13":{"name":"(anonymous_13)","decl":{"start":{"line":32,"column":10},"end":{"line":32,"column":11}},"loc":{"start":{"line":32,"column":21},"end":{"line":37,"column":3}},"line":32},"14":{"name":"(anonymous_14)","decl":{"start":{"line":34,"column":30},"end":{"line":34,"column":31}},"loc":{"start":{"line":35,"column":6},"end":{"line":35,"column":82}},"line":35},"15":{"name":"(anonymous_15)","decl":{"start":{"line":35,"column":28},"end":{"line":35,"column":29}},"loc":{"start":{"line":35,"column":39},"end":{"line":35,"column":81}},"line":35}},"branchMap":{"0":{"loc":{"start":{"line":23,"column":31},"end":{"line":23,"column":69}},"type":"cond-expr","locations":[{"start":{"line":23,"column":45},"end":{"line":23,"column":65}},{"start":{"line":23,"column":68},"end":{"line":23,"column":69}}],"line":23}},"s":{"0":1,"1":1,"2":1,"3":3,"4":1,"5":1,"6":1,"7":1,"8":1,"9":2,"10":2,"11":6,"12":2,"13":2,"14":6,"15":3,"16":5,"17":3,"18":3,"19":9,"20":25},"f":{"0":1,"1":3,"2":1,"3":1,"4":1,"5":2,"6":2,"7":6,"8":2,"9":2,"10":6,"11":3,"12":5,"13":3,"14":9,"15":25},"b":{"0":[1,5]},"_coverageSchema":"1a1c01bbd47fc00a2c39e90264f33305004495a9","hash":"f01bf8cd3485afc9a2420d49e4f6c2321d5b7d3b"}
,"C:\\projectcynt\\ferrotech-frontend\\stores\\ventas.store.js": {"path":"C:\\projectcynt\\ferrotech-frontend\\stores\\ventas.store.js","statementMap":{"0":{"start":{"line":3,"column":17},"end":{"line":11,"column":1}},"1":{"start":{"line":13,"column":15},"end":{"line":17,"column":1}},"2":{"start":{"line":14,"column":15},"end":{"line":14,"column":98}},"3":{"start":{"line":14,"column":32},"end":{"line":14,"column":72}},"4":{"start":{"line":14,"column":88},"end":{"line":14,"column":97}},"5":{"start":{"line":15,"column":14},"end":{"line":15,"column":34}},"6":{"start":{"line":16,"column":2},"end":{"line":16,"column":50}},"7":{"start":{"line":19,"column":25},"end":{"line":19,"column":42}},"8":{"start":{"line":21,"column":30},"end":{"line":44,"column":3}},"9":{"start":{"line":21,"column":52},"end":{"line":44,"column":1}},"10":{"start":{"line":24,"column":21},"end":{"line":26,"column":5}},"11":{"start":{"line":24,"column":33},"end":{"line":26,"column":3}},"12":{"start":{"line":28,"column":31},"end":{"line":30,"column":5}},"13":{"start":{"line":28,"column":43},"end":{"line":30,"column":3}},"14":{"start":{"line":29,"column":31},"end":{"line":29,"column":69}},"15":{"start":{"line":32,"column":22},"end":{"line":34,"column":5}},"16":{"start":{"line":32,"column":34},"end":{"line":34,"column":3}},"17":{"start":{"line":33,"column":33},"end":{"line":33,"column":44}},"18":{"start":{"line":36,"column":19},"end":{"line":36,"column":55}},"19":{"start":{"line":36,"column":43},"end":{"line":36,"column":54}},"20":{"start":{"line":39,"column":14},"end":{"line":39,"column":33}},"21":{"start":{"line":40,"column":4},"end":{"line":42,"column":6}},"22":{"start":{"line":41,"column":6},"end":{"line":41,"column":82}},"23":{"start":{"line":41,"column":39},"end":{"line":41,"column":81}}},"fnMap":{"0":{"name":"(anonymous_0)","decl":{"start":{"line":13,"column":15},"end":{"line":13,"column":16}},"loc":{"start":{"line":13,"column":26},"end":{"line":17,"column":1}},"line":13},"1":{"name":"(anonymous_1)","decl":{"start":{"line":14,"column":25},"end":{"line":14,"column":26}},"loc":{"start":{"line":14,"column":32},"end":{"line":14,"column":72}},"line":14},"2":{"name":"(anonymous_2)","decl":{"start":{"line":14,"column":81},"end":{"line":14,"column":82}},"loc":{"start":{"line":14,"column":88},"end":{"line":14,"column":97}},"line":14},"3":{"name":"(anonymous_3)","decl":{"start":{"line":21,"column":37},"end":{"line":21,"column":38}},"loc":{"start":{"line":21,"column":52},"end":{"line":44,"column":1}},"line":21},"4":{"name":"(anonymous_4)","decl":{"start":{"line":24,"column":11},"end":{"line":24,"column":12}},"loc":{"start":{"line":24,"column":21},"end":{"line":26,"column":5}},"line":24},"5":{"name":"(anonymous_5)","decl":{"start":{"line":24,"column":25},"end":{"line":24,"column":26}},"loc":{"start":{"line":24,"column":33},"end":{"line":26,"column":3}},"line":24},"6":{"name":"(anonymous_6)","decl":{"start":{"line":28,"column":14},"end":{"line":28,"column":15}},"loc":{"start":{"line":28,"column":31},"end":{"line":30,"column":5}},"line":28},"7":{"name":"(anonymous_7)","decl":{"start":{"line":28,"column":35},"end":{"line":28,"column":36}},"loc":{"start":{"line":28,"column":43},"end":{"line":30,"column":3}},"line":28},"8":{"name":"(anonymous_8)","decl":{"start":{"line":29,"column":23},"end":{"line":29,"column":24}},"loc":{"start":{"line":29,"column":31},"end":{"line":29,"column":69}},"line":29},"9":{"name":"(anonymous_9)","decl":{"start":{"line":32,"column":14},"end":{"line":32,"column":15}},"loc":{"start":{"line":32,"column":22},"end":{"line":34,"column":5}},"line":32},"10":{"name":"(anonymous_10)","decl":{"start":{"line":32,"column":26},"end":{"line":32,"column":27}},"loc":{"start":{"line":32,"column":34},"end":{"line":34,"column":3}},"line":32},"11":{"name":"(anonymous_11)","decl":{"start":{"line":33,"column":26},"end":{"line":33,"column":27}},"loc":{"start":{"line":33,"column":33},"end":{"line":33,"column":44}},"line":33},"12":{"name":"(anonymous_12)","decl":{"start":{"line":36,"column":11},"end":{"line":36,"column":12}},"loc":{"start":{"line":36,"column":19},"end":{"line":36,"column":55}},"line":36},"13":{"name":"(anonymous_13)","decl":{"start":{"line":36,"column":36},"end":{"line":36,"column":37}},"loc":{"start":{"line":36,"column":43},"end":{"line":36,"column":54}},"line":36},"14":{"name":"(anonymous_14)","decl":{"start":{"line":38,"column":10},"end":{"line":38,"column":11}},"loc":{"start":{"line":38,"column":21},"end":{"line":43,"column":3}},"line":38},"15":{"name":"(anonymous_15)","decl":{"start":{"line":40,"column":30},"end":{"line":40,"column":31}},"loc":{"start":{"line":41,"column":6},"end":{"line":41,"column":82}},"line":41},"16":{"name":"(anonymous_16)","decl":{"start":{"line":41,"column":28},"end":{"line":41,"column":29}},"loc":{"start":{"line":41,"column":39},"end":{"line":41,"column":81}},"line":41}},"branchMap":{"0":{"loc":{"start":{"line":29,"column":31},"end":{"line":29,"column":69}},"type":"cond-expr","locations":[{"start":{"line":29,"column":45},"end":{"line":29,"column":65}},{"start":{"line":29,"column":68},"end":{"line":29,"column":69}}],"line":29}},"s":{"0":1,"1":1,"2":1,"3":3,"4":3,"5":1,"6":1,"7":1,"8":1,"9":1,"10":1,"11":1,"12":2,"13":2,"14":6,"15":2,"16":2,"17":6,"18":3,"19":5,"20":3,"21":3,"22":9,"23":17},"f":{"0":1,"1":3,"2":3,"3":1,"4":1,"5":1,"6":2,"7":2,"8":6,"9":2,"10":2,"11":6,"12":3,"13":5,"14":3,"15":9,"16":17},"b":{"0":[1,5]},"_coverageSchema":"1a1c01bbd47fc00a2c39e90264f33305004495a9","hash":"d8f77ae5ef7a1050c49fcd7c8df01340bf80cccf"}
}
