TN:
SF:lib\price.js
FN:8,parsePrice
FN:22,formatPrice
FNF:2
FNH:2
FNDA:12,parsePrice
FNDA:9,formatPrice
DA:9,12
DA:10,9
DA:11,9
DA:12,9
DA:23,9
DA:24,9
DA:25,9
DA:26,9
LF:8
LH:8
BRDA:9,0,0,3
BRDA:9,0,1,9
BRDA:12,1,0,1
BRDA:12,1,1,8
BRF:4
BRH:4
end_of_record
TN:
SF:lib\validation.js
FN:8,validateRequired
FN:26,validateStock
FN:39,validateEmail
FNF:3
FNH:3
FNDA:4,validateRequired
FNDA:4,validateStock
FNDA:6,validateEmail
DA:9,4
DA:10,4
DA:11,6
DA:12,6
DA:13,4
DA:16,4
DA:27,4
DA:28,2
DA:30,2
DA:40,6
DA:41,4
DA:42,4
LF:12
LH:12
BRDA:12,0,0,4
BRDA:12,0,1,2
BRDA:12,1,0,6
BRDA:12,1,1,4
BRDA:12,1,2,3
BRDA:27,2,0,2
BRDA:27,2,1,2
BRDA:40,3,0,2
BRDA:40,3,1,4
BRF:9
BRH:9
end_of_record
TN:
SF:stores\clientes.store.js
FN:22,(anonymous_0)
FN:22,(anonymous_1)
FN:25,(anonymous_2)
FN:28,(anonymous_3)
FN:28,(anonymous_4)
FN:32,(anonymous_5)
FN:32,(anonymous_6)
FN:33,(anonymous_7)
FN:36,(anonymous_8)
FN:36,(anonymous_9)
FN:37,(anonymous_10)
FN:40,(anonymous_11)
FN:40,(anonymous_12)
FN:42,(anonymous_13)
FN:44,(anonymous_14)
FN:45,(anonymous_15)
FNF:16
FNH:16
FNDA:1,(anonymous_0)
FNDA:3,(anonymous_1)
FNDA:1,(anonymous_2)
FNDA:1,(anonymous_3)
FNDA:1,(anonymous_4)
FNDA:2,(anonymous_5)
FNDA:2,(anonymous_6)
FNDA:6,(anonymous_7)
FNDA:2,(anonymous_8)
FNDA:2,(anonymous_9)
FNDA:6,(anonymous_10)
FNDA:3,(anonymous_11)
FNDA:5,(anonymous_12)
FNDA:3,(anonymous_13)
FNDA:9,(anonymous_14)
FNDA:25,(anonymous_15)
DA:3,1
DA:22,3
DA:23,1
DA:25,1
DA:28,1
DA:32,2
DA:33,6
DA:36,2
DA:37,6
DA:40,5
DA:43,3
DA:44,3
DA:45,25
LF:13
LH:13
BRDA:33,0,0,1
BRDA:33,0,1,5
BRF:2
BRH:2
end_of_record
TN:
SF:stores\compras.store.js
FN:12,(anonymous_0)
FN:13,(anonymous_1)
FN:13,(anonymous_2)
FN:20,(anonymous_3)
FN:23,(anonymous_4)
FN:23,(anonymous_5)
FN:27,(anonymous_6)
FN:27,(anonymous_7)
FN:28,(anonymous_8)
FN:31,(anonymous_9)
FN:31,(anonymous_10)
FN:32,(anonymous_11)
FN:35,(anonymous_12)
FN:35,(anonymous_13)
FN:37,(anonymous_14)
FN:39,(anonymous_15)
FN:40,(anonymous_16)
FNF:17
FNH:17
FNDA:1,(anonymous_0)
FNDA:3,(anonymous_1)
FNDA:3,(anonymous_2)
FNDA:1,(anonymous_3)
FNDA:1,(anonymous_4)
FNDA:1,(anonymous_5)
FNDA:2,(anonymous_6)
FNDA:2,(anonymous_7)
FNDA:6,(anonymous_8)
FNDA:2,(anonymous_9)
FNDA:2,(anonymous_10)
FNDA:6,(anonymous_11)
FNDA:3,(anonymous_12)
FNDA:5,(anonymous_13)
FNDA:3,(anonymous_14)
FNDA:9,(anonymous_15)
FNDA:17,(anonymous_16)
DA:3,1
DA:12,1
DA:13,3
DA:14,1
DA:15,1
DA:18,1
DA:20,1
DA:23,1
DA:27,2
DA:28,6
DA:31,2
DA:32,6
DA:35,5
DA:38,3
DA:39,3
DA:40,17
LF:16
LH:16
BRDA:28,0,0,1
BRDA:28,0,1,5
BRF:2
BRH:2
end_of_record
TN:
SF:stores\cotizaciones.store.js
FN:12,(anonymous_0)
FN:13,(anonymous_1)
FN:13,(anonymous_2)
FN:20,(anonymous_3)
FN:23,(anonymous_4)
FN:23,(anonymous_5)
FN:27,(anonymous_6)
FN:27,(anonymous_7)
FN:28,(anonymous_8)
FN:31,(anonymous_9)
FN:31,(anonymous_10)
FN:32,(anonymous_11)
FN:35,(anonymous_12)
FN:35,(anonymous_13)
FN:37,(anonymous_14)
FN:39,(anonymous_15)
FN:40,(anonymous_16)
FNF:17
FNH:17
FNDA:1,(anonymous_0)
FNDA:3,(anonymous_1)
FNDA:3,(anonymous_2)
FNDA:1,(anonymous_3)
FNDA:1,(anonymous_4)
FNDA:1,(anonymous_5)
FNDA:2,(anonymous_6)
FNDA:2,(anonymous_7)
FNDA:6,(anonymous_8)
FNDA:2,(anonymous_9)
FNDA:2,(anonymous_10)
FNDA:6,(anonymous_11)
FNDA:3,(anonymous_12)
FNDA:5,(anonymous_13)
FNDA:2,(anonymous_14)
FNDA:6,(anonymous_15)
FNDA:6,(anonymous_16)
DA:3,1
DA:12,1
DA:13,3
DA:14,1
DA:15,1
DA:18,1
DA:20,1
DA:23,1
DA:27,2
DA:28,6
DA:31,2
DA:32,6
DA:35,5
DA:38,2
DA:39,2
DA:40,6
LF:16
LH:16
BRDA:28,0,0,1
BRDA:28,0,1,5
BRF:2
BRH:2
end_of_record
TN:
SF:stores\envios.store.js
FN:12,(anonymous_0)
FN:13,(anonymous_1)
FN:13,(anonymous_2)
FN:20,(anonymous_3)
FN:23,(anonymous_4)
FN:23,(anonymous_5)
FN:27,(anonymous_6)
FN:27,(anonymous_7)
FN:28,(anonymous_8)
FN:31,(anonymous_9)
FN:31,(anonymous_10)
FN:32,(anonymous_11)
FN:35,(anonymous_12)
FN:35,(anonymous_13)
FN:37,(anonymous_14)
FN:39,(anonymous_15)
FN:40,(anonymous_16)
FNF:17
FNH:17
FNDA:1,(anonymous_0)
FNDA:3,(anonymous_1)
FNDA:3,(anonymous_2)
FNDA:1,(anonymous_3)
FNDA:1,(anonymous_4)
FNDA:1,(anonymous_5)
FNDA:2,(anonymous_6)
FNDA:2,(anonymous_7)
FNDA:6,(anonymous_8)
FNDA:2,(anonymous_9)
FNDA:2,(anonymous_10)
FNDA:6,(anonymous_11)
FNDA:3,(anonymous_12)
FNDA:5,(anonymous_13)
FNDA:3,(anonymous_14)
FNDA:9,(anonymous_15)
FNDA:26,(anonymous_16)
DA:3,1
DA:12,1
DA:13,3
DA:14,1
DA:15,1
DA:18,1
DA:20,1
DA:23,1
DA:27,2
DA:28,6
DA:31,2
DA:32,6
DA:35,5
DA:38,3
DA:39,3
DA:40,26
LF:16
LH:16
BRDA:28,0,0,1
BRDA:28,0,1,5
BRF:2
BRH:2
end_of_record
TN:
SF:stores\pagos-cobros.store.js
FN:14,(anonymous_0)
FN:15,(anonymous_1)
FN:15,(anonymous_2)
FN:22,(anonymous_3)
FN:25,(anonymous_4)
FN:25,(anonymous_5)
FN:29,(anonymous_6)
FN:29,(anonymous_7)
FN:30,(anonymous_8)
FN:33,(anonymous_9)
FN:33,(anonymous_10)
FN:34,(anonymous_11)
FN:37,(anonymous_12)
FN:37,(anonymous_13)
FN:39,(anonymous_14)
FN:41,(anonymous_15)
FN:42,(anonymous_16)
FNF:17
FNH:17
FNDA:1,(anonymous_0)
FNDA:3,(anonymous_1)
FNDA:3,(anonymous_2)
FNDA:1,(anonymous_3)
FNDA:1,(anonymous_4)
FNDA:1,(anonymous_5)
FNDA:2,(anonymous_6)
FNDA:2,(anonymous_7)
FNDA:6,(anonymous_8)
FNDA:2,(anonymous_9)
FNDA:2,(anonymous_10)
FNDA:6,(anonymous_11)
FNDA:3,(anonymous_12)
FNDA:5,(anonymous_13)
FNDA:3,(anonymous_14)
FNDA:9,(anonymous_15)
FNDA:17,(anonymous_16)
DA:3,1
DA:14,1
DA:15,3
DA:16,1
DA:17,1
DA:20,1
DA:22,1
DA:25,1
DA:29,2
DA:30,6
DA:33,2
DA:34,6
DA:37,5
DA:40,3
DA:41,3
DA:42,17
LF:16
LH:16
BRDA:30,0,0,1
BRDA:30,0,1,5
BRF:2
BRH:2
end_of_record
TN:
SF:stores\pedidos.store.js
FN:13,(anonymous_0)
FN:14,(anonymous_1)
FN:14,(anonymous_2)
FN:21,(anonymous_3)
FN:24,(anonymous_4)
FN:24,(anonymous_5)
FN:28,(anonymous_6)
FN:28,(anonymous_7)
FN:29,(anonymous_8)
FN:32,(anonymous_9)
FN:32,(anonymous_10)
FN:33,(anonymous_11)
FN:36,(anonymous_12)
FN:36,(anonymous_13)
FN:38,(anonymous_14)
FN:40,(anonymous_15)
FN:41,(anonymous_16)
FNF:17
FNH:17
FNDA:1,(anonymous_0)
FNDA:3,(anonymous_1)
FNDA:3,(anonymous_2)
FNDA:1,(anonymous_3)
FNDA:1,(anonymous_4)
FNDA:1,(anonymous_5)
FNDA:2,(anonymous_6)
FNDA:2,(anonymous_7)
FNDA:6,(anonymous_8)
FNDA:2,(anonymous_9)
FNDA:2,(anonymous_10)
FNDA:6,(anonymous_11)
FNDA:3,(anonymous_12)
FNDA:5,(anonymous_13)
FNDA:3,(anonymous_14)
FNDA:9,(anonymous_15)
FNDA:17,(anonymous_16)
DA:3,1
DA:13,1
DA:14,3
DA:15,1
DA:16,1
DA:19,1
DA:21,1
DA:24,1
DA:28,2
DA:29,6
DA:32,2
DA:33,6
DA:36,5
DA:39,3
DA:40,3
DA:41,17
LF:16
LH:16
BRDA:29,0,0,1
BRDA:29,0,1,5
BRF:2
BRH:2
end_of_record
TN:
SF:stores\productos.store.js
FN:19,(anonymous_0)
FN:19,(anonymous_1)
FN:22,(anonymous_2)
FN:25,(anonymous_3)
FN:25,(anonymous_4)
FN:29,(anonymous_5)
FN:29,(anonymous_6)
FN:30,(anonymous_7)
FN:33,(anonymous_8)
FN:33,(anonymous_9)
FN:34,(anonymous_10)
FN:37,(anonymous_11)
FN:37,(anonymous_12)
FN:39,(anonymous_13)
FN:41,(anonymous_14)
FN:42,(anonymous_15)
FNF:16
FNH:16
FNDA:1,(anonymous_0)
FNDA:3,(anonymous_1)
FNDA:1,(anonymous_2)
FNDA:1,(anonymous_3)
FNDA:1,(anonymous_4)
FNDA:2,(anonymous_5)
FNDA:2,(anonymous_6)
FNDA:6,(anonymous_7)
FNDA:2,(anonymous_8)
FNDA:2,(anonymous_9)
FNDA:6,(anonymous_10)
FNDA:3,(anonymous_11)
FNDA:5,(anonymous_12)
FNDA:3,(anonymous_13)
FNDA:9,(anonymous_14)
FNDA:17,(anonymous_15)
DA:3,1
DA:19,3
DA:20,1
DA:22,1
DA:25,1
DA:29,2
DA:30,6
DA:33,2
DA:34,6
DA:37,5
DA:40,3
DA:41,3
DA:42,17
LF:13
LH:13
BRDA:30,0,0,1
BRDA:30,0,1,5
BRF:2
BRH:2
end_of_record
TN:
SF:stores\proveedores.store.js
FN:13,(anonymous_0)
FN:13,(anonymous_1)
FN:16,(anonymous_2)
FN:19,(anonymous_3)
FN:19,(anonymous_4)
FN:23,(anonymous_5)
FN:23,(anonymous_6)
FN:24,(anonymous_7)
FN:27,(anonymous_8)
FN:27,(anonymous_9)
FN:28,(anonymous_10)
FN:31,(anonymous_11)
FN:31,(anonymous_12)
FN:33,(anonymous_13)
FN:35,(anonymous_14)
FN:36,(anonymous_15)
FNF:16
FNH:16
FNDA:1,(anonymous_0)
FNDA:3,(anonymous_1)
FNDA:1,(anonymous_2)
FNDA:1,(anonymous_3)
FNDA:1,(anonymous_4)
FNDA:2,(anonymous_5)
FNDA:2,(anonymous_6)
FNDA:6,(anonymous_7)
FNDA:2,(anonymous_8)
FNDA:2,(anonymous_9)
FNDA:6,(anonymous_10)
FNDA:3,(anonymous_11)
FNDA:5,(anonymous_12)
FNDA:3,(anonymous_13)
FNDA:9,(anonymous_14)
FNDA:17,(anonymous_15)
DA:3,1
DA:13,3
DA:14,1
DA:16,1
DA:19,1
DA:23,2
DA:24,6
DA:27,2
DA:28,6
DA:31,5
DA:34,3
DA:35,3
DA:36,17
LF:13
LH:13
BRDA:24,0,0,1
BRDA:24,0,1,5
BRF:2
BRH:2
end_of_record
TN:
SF:stores\usuarios.store.js
FN:12,(anonymous_0)
FN:12,(anonymous_1)
FN:15,(anonymous_2)
FN:18,(anonymous_3)
FN:18,(anonymous_4)
FN:22,(anonymous_5)
FN:22,(anonymous_6)
FN:23,(anonymous_7)
FN:26,(anonymous_8)
FN:26,(anonymous_9)
FN:27,(anonymous_10)
FN:30,(anonymous_11)
FN:30,(anonymous_12)
FN:32,(anonymous_13)
FN:34,(anonymous_14)
FN:35,(anonymous_15)
FNF:16
FNH:16
FNDA:1,(anonymous_0)
FNDA:3,(anonymous_1)
FNDA:1,(anonymous_2)
FNDA:1,(anonymous_3)
FNDA:1,(anonymous_4)
FNDA:2,(anonymous_5)
FNDA:2,(anonymous_6)
FNDA:6,(anonymous_7)
FNDA:2,(anonymous_8)
FNDA:2,(anonymous_9)
FNDA:6,(anonymous_10)
FNDA:3,(anonymous_11)
FNDA:5,(anonymous_12)
FNDA:3,(anonymous_13)
FNDA:9,(anonymous_14)
FNDA:25,(anonymous_15)
DA:3,1
DA:12,3
DA:13,1
DA:15,1
DA:18,1
DA:22,2
DA:23,6
DA:26,2
DA:27,6
DA:30,5
DA:33,3
DA:34,3
DA:35,25
LF:13
LH:13
BRDA:23,0,0,1
BRDA:23,0,1,5
BRF:2
BRH:2
end_of_record
TN:
SF:stores\ventas.store.js
FN:13,(anonymous_0)
FN:14,(anonymous_1)
FN:14,(anonymous_2)
FN:21,(anonymous_3)
FN:24,(anonymous_4)
FN:24,(anonymous_5)
FN:28,(anonymous_6)
FN:28,(anonymous_7)
FN:29,(anonymous_8)
FN:32,(anonymous_9)
FN:32,(anonymous_10)
FN:33,(anonymous_11)
FN:36,(anonymous_12)
FN:36,(anonymous_13)
FN:38,(anonymous_14)
FN:40,(anonymous_15)
FN:41,(anonymous_16)
FNF:17
FNH:17
FNDA:1,(anonymous_0)
FNDA:3,(anonymous_1)
FNDA:3,(anonymous_2)
FNDA:1,(anonymous_3)
FNDA:1,(anonymous_4)
FNDA:1,(anonymous_5)
FNDA:2,(anonymous_6)
FNDA:2,(anonymous_7)
FNDA:6,(anonymous_8)
FNDA:2,(anonymous_9)
FNDA:2,(anonymous_10)
FNDA:6,(anonymous_11)
FNDA:3,(anonymous_12)
FNDA:5,(anonymous_13)
FNDA:3,(anonymous_14)
FNDA:9,(anonymous_15)
FNDA:17,(anonymous_16)
DA:3,1
DA:13,1
DA:14,3
DA:15,1
DA:16,1
DA:19,1
DA:21,1
DA:24,1
DA:28,2
DA:29,6
DA:32,2
DA:33,6
DA:36,5
DA:39,3
DA:40,3
DA:41,17
LF:16
LH:16
BRDA:29,0,0,1
BRDA:29,0,1,5
BRF:2
BRH:2
end_of_record
